2025-10-01 19:16:49,057 - INFO - Log/Date Transformation Completed Successfully : Index(['ShipPinCode', 'ProcessLocation1_InscanDate',
       'ProcessLocation1_BagOutScanDate', 'ProcessLocation2_BagInScanDate',
       'ProcessLocation2_BagOutScanDate', 'ProcessLocation3_BagInScanDate',
       'ProcessLocation4_BagInScanDate', 'ProcessLocation4_BagOutScanDate',
       'Destination_BagInScanDate', 'DeliveryDate', 'PhysicalWeight',
       'VolumetricWeight', 'ProcessLocation3_BagOutScanDate_replaced',
       'Destination_BagOutScanDate_replaced', 'ShipPinCode_log',
       'ProcessLocation1_InscanDate_days',
       'ProcessLocation1_BagOutScanDate_days',
       'ProcessLocation2_BagInScanDate_days',
       'ProcessLocation2_BagOutScanDate_days',
       'ProcessLocation3_BagInScanDate_days',
       'ProcessLocation4_BagInScanDate_days',
       'ProcessLocation4_BagOutScanDate_days',
       'Destination_BagInScanDate_days', 'DeliveryDate_days',
       'PhysicalWeight_log', 'VolumetricWeight_log',
       'ProcessLocation3_BagOutScanDate_replaced_days',
       'Destination_BagOutScanDate_replaced_days'],
      dtype='object')
2025-10-01 19:16:49,057 - INFO - The Log and Days column names : ['ShipPinCode', 'ProcessLocation1_InscanDate', 'ProcessLocation1_BagOutScanDate', 'ProcessLocation2_BagInScanDate', 'ProcessLocation2_BagOutScanDate', 'ProcessLocation3_BagInScanDate', 'ProcessLocation4_BagInScanDate', 'ProcessLocation4_BagOutScanDate', 'Destination_BagInScanDate', 'DeliveryDate', 'PhysicalWeight', 'VolumetricWeight', 'ProcessLocation3_BagOutScanDate_replaced', 'Destination_BagOutScanDate_replaced']
