2025-10-01 19:16:49,121 - INFO - After Trimming column names : Index(['ShipPinCode_log', 'ProcessLocation1_InscanDate_days',
       'ProcessLocation1_BagOutScanDate_days',
       'ProcessLocation2_BagInScanDate_days',
       'ProcessLocation2_BagOutScanDate_days',
       'ProcessLocation3_BagInScanDate_days',
       'ProcessLocation4_BagInScanDate_days',
       'ProcessLocation4_BagOutScanDate_days',
       'Destination_BagInScanDate_days', 'DeliveryDate_days',
       'PhysicalWeight_log', 'VolumetricWeight_log',
       'ProcessLocation3_BagOutScanDate_replaced_days',
       'Destination_BagOutScanDate_replaced_days', 'ShipPinCode_log_trim',
       'ProcessLocation1_InscanDate_days_trim',
       'ProcessLocation1_BagOutScanDate_days_trim',
       'ProcessLocation2_BagInScanDate_days_trim',
       'ProcessLocation2_BagOutScanDate_days_trim',
       'ProcessLocation3_BagInScanDate_days_trim',
       'ProcessLocation4_BagInScanDate_days_trim',
       'ProcessLocation4_BagOutScanDate_days_trim',
       'Destination_BagInScanDate_days_trim', 'DeliveryDate_days_trim',
       'PhysicalWeight_log_trim', 'VolumetricWeight_log_trim',
       'ProcessLocation3_BagOutScanDate_replaced_days_trim',
       'Destination_BagOutScanDate_replaced_days_trim'],
      dtype='object')
2025-10-01 19:16:49,122 - INFO - After Trimming column names : Index(['ShipPinCode_log', 'ProcessLocation1_InscanDate_days',
       'ProcessLocation1_BagOutScanDate_days',
       'ProcessLocation2_BagInScanDate_days',
       'ProcessLocation2_BagOutScanDate_days',
       'ProcessLocation3_BagInScanDate_days',
       'ProcessLocation4_BagInScanDate_days',
       'ProcessLocation4_BagOutScanDate_days',
       'Destination_BagInScanDate_days', 'DeliveryDate_days',
       'PhysicalWeight_log', 'VolumetricWeight_log',
       'ProcessLocation3_BagOutScanDate_replaced_days',
       'Destination_BagOutScanDate_replaced_days', 'ShipPinCode_log_trim',
       'ProcessLocation1_InscanDate_days_trim',
       'ProcessLocation1_BagOutScanDate_days_trim',
       'ProcessLocation2_BagInScanDate_days_trim',
       'ProcessLocation2_BagOutScanDate_days_trim',
       'ProcessLocation3_BagInScanDate_days_trim',
       'ProcessLocation4_BagInScanDate_days_trim',
       'ProcessLocation4_BagOutScanDate_days_trim',
       'Destination_BagInScanDate_days_trim', 'DeliveryDate_days_trim',
       'PhysicalWeight_log_trim', 'VolumetricWeight_log_trim',
       'ProcessLocation3_BagOutScanDate_replaced_days_trim',
       'Destination_BagOutScanDate_replaced_days_trim'],
      dtype='object')
2025-10-01 19:16:49,122 - INFO - The Trim and Days_Trim column names : ['ShipPinCode_log', 'ProcessLocation1_InscanDate_days', 'ProcessLocation1_BagOutScanDate_days', 'ProcessLocation2_BagInScanDate_days', 'ProcessLocation2_BagOutScanDate_days', 'ProcessLocation3_BagInScanDate_days', 'ProcessLocation4_BagInScanDate_days', 'ProcessLocation4_BagOutScanDate_days', 'Destination_BagInScanDate_days', 'DeliveryDate_days', 'PhysicalWeight_log', 'VolumetricWeight_log', 'ProcessLocation3_BagOutScanDate_replaced_days', 'Destination_BagOutScanDate_replaced_days']
